Arguments: 
  /usr/bin/node /home/james/.yarn/bin/yarn.js add apollo-server @apollo/federation

PATH: 
  /home/james/.yarn/bin:/home/james/.config/yarn/global/node_modules/.bin:/home/james/.yarn/bin:/home/james/.config/yarn/global/node_modules/.bin:/usr/local/sbin:/usr/local/bin:/usr/sbin:/usr/bin:/sbin:/bin:/usr/games:/usr/local/games:/snap/bin:/usr/local/go/bin

Yarn version: 
  1.17.3

Node version: 
  10.16.3

Platform: 
  linux x64

Trace: 
  Error: getaddrinfo EAI_AGAIN registry.yarnpkg.com registry.yarnpkg.com:443
      at GetAddrInfoReqWrap.onlookup [as oncomplete] (dns.js:56:26)

npm manifest: 
  {
    "name": "kb-servers-apollo-gateway",
    "version": "1.0.0",
    "main": "index.js",
    "repository": "https://JamesMasher@bitbucket.org/kbsaasplatform/kb-servers-apollo-gateway.git",
    "author": "James Macharia <jamesmasher13@gmail.com>",
    "license": "MIT"
  }

yarn manifest: 
  No manifest

Lockfile: 
  No lockfile
